0.07324263758902627
0.03328755305000291
0.09796438235308413
0.0037286982597360707
0.06840710810616432
0.08289684776549253
0.07114542643233884
0.06849821913870506
0.04515419369396918
0.09173545674317155
0.08172652776760246
0.029017145999064128
0.036281479826931924
0.025556010320140956
0.06450323666216909
0.052742747356523206
0.0405054449090605
0.061899142008266975
0.03593828321969893
0.020314809120288498
0.02291388552120841
0.04888065376331482
0.06793576719154057
-0.0036405200498717994
0.08130422768329118
0.043758603403156335
0.0023047286406701955
0.007912125107977907
0.029316907544930586
0.06484121597727197
0.006229812688097363
0.008097967584427088
0.04797048793482781
0.10429363093556686
0.06158160308128838
0.08682066993254905
0.014676639346520734
0.07027531072828737
0.044802354292581024
0.046753672590672736
0.09407695352625826
0.07234209713238966
0.0755787470298114
0.043921901920257495
0.0775397290800855
0.04896126210282293
0.09481002054473969
0.013795167125050597
0.04110458720667238
0.03273227027360928
0.053891600897674384
0.09425292487681255
0.02658828610699368
0.05092208421969287
0.021466802832962834
0.02498960556240001
0.009376056456391068
0.093963056149684
0.044429037648975135
0.055655469114346524
0.007481125264444424
0.025826344775244345
0.007128173551095977
-0.0075581644591295695
0.07077157539276194
0.027041469799895305
0.03491034198237244
4.941275266549243E-4
0.055431651555155476
0.036743764713385946
0.049986163683839784
0.04715808666150793
0.029410606142678763
0.09831688540207474
0.08422114007046412
0.029204483697988375
0.003845144356524219
0.01653590062204609
0.014185662155342714
0.023407051205400712
0.04501429333918881
0.004340442928107195
0.058827817443327005
0.07287927030968107
0.08446091877024406
0.03571958111420921
0.1042538447461878
0.06069888621220592
0.044988487568715214
0.04095768328553304
0.0030493216859924952
0.09805277108768694
0.09506379350511944
0.03291765706645381
0.029727276884345632
0.012718834836005999
0.06379461117031161
0.030461978674142912
0.06980198923014233
0.07669304173944573
0.06624823073840591
0.009920569954392874
0.08080524280459017
0.091340420104519
0.06973966152573262
0.052317290138357286
0.028000302873297616
3.146478475941284E-4
0.08384491692506259
0.055224694541758344
0.02110731154902432
0.03292478856287303
0.04698416526093429
0.04773971086223002
0.03422241988909669
0.06303742745402179
0.09104389429956902
0.05893319847818194
-0.0044122010430911
0.02661350178092987
0.028654549488553345
0.004245262999803218
0.07107641838953688
0.06281760036485758
0.06365829988367083
0.016436625087856333
0.09620066218426893
0.06869942169824374
0.00324957278027335
0.09696620748768947
0.05978740728089697
0.010844312161832688
0.048369596010194076
0.03242005078482245
0.022133136988423695
0.04377476445063131
0.031223925461411305
0.0439659828032041
0.0795710245079965
0.05934351668434086
0.008035225322192486
0.07154621771743146
0.023975254347270967
0.044826672076099285
0.03830643395147155
0.06775749923910863
0.04930431904353434
0.06555523127709074
0.10763380068349644
0.07050912475419585
0.06514337338101052
-0.0018086095129264108
0.07770747834030312
0.07231475511638151
0.014000137822352246
0.09963235966198246
0.08803320765182156
0.07738255635276839
0.10320530674385639
0.09970243620678075
0.009847576165773623
0.09997542845836074
0.019329633930958462
0.05433566870888684
0.024783438920723277
0.0769782389805828
0.04262703657266475
0.015510632396242733
0.05467054897861718
0.04659869720991744
-0.0035851328476046705
0.07142359645966972
0.034060152193340236
0.03234974915147043
0.021386470882095786
0.025319044606169835
0.02924460160232353
0.046561403858450146
0.09058529730899148
0.028705270964434676
0.10270366457762856
0.10696440955286227
0.04343235169684109
0.07112035980201034
-0.0015419299314989154
0.016024548813179378
0.06948991489475044
0.07522225682190514
0.013364984685674566
0.030008562350836158
0.0604329683125022
0.07582106021742058
-0.0029742139067735797
0.0213431818710713
0.09745160345914582
0.06231639600696106
0.0460731649348307
0.01351785821847992
0.09308644088115693
-0.009085336410185512
0.08468458779937309
0.05739160875167051
0.02880085983005684
0.014323116003756362
0.03850660112375096
0.06905439397791027
0.02072820241597777
0.06403160465190283
0.05675387658340229
0.07549802807333605
-0.008463474054240026
0.08004669115339681
0.10400026202951461
0.023286353938348447
0.05340326422141188
0.0612967600832777
0.05437513045960903
0.05885663979592395
0.018910912416282594
0.006592448360289105
0.056972561484336215
0.01469891899702799
0.10531328387921106
0.026021619208431584
0.09994390563617746
0.08919304323411088
0.012230479496337147
0.05807003184809479
0.05217104839944703
0.07828390023565604
0.06548829087833251
0.08206268994722739
0.09605273298868842
0.028559105596059533
0.07092899223480557
0.009294941202308005
0.0025898287758051477
0.029126610144783877
0.014908416268881446
0.08304286220187262
0.06200928683123154
0.014030436276062099
0.03407483566609816
0.028169481520717205
0.037956001621080114
0.0262416055058375
0.06967947087610091
0.06436355671775003
0.008128103529237103
0.10236061126846234
0.07316775459927387
0.09136590066237804
0.030215605677586837
0.0265300412417522
0.06890129056674772
0.04525149492324187
0.08469640227215522
0.07609551903011944
0.07683698122872545
0.039151770810439725
0.060023065524895614
0.03510629680128712
0.04590048628077468
0.054025175241393615
0.047172762801808245
0.03651621232083976
0.04437331427026597
0.04883929912928289
0.011866239015173826
0.06333657534579257
0.015489198034404782
0.02708407179306459
0.05071980752538878
0.015284207004492477
-0.002738227811552855
0.0686125057140544
0.08032206229803639
0.07027533836554765
0.016410631069229503
0.0214526987161178
0.08796349864456929
0.05124055203617382
4.397913617679414E-4
0.08112872334278017
0.06318375704223579
0.010122719986695502
0.054656909434819934
0.06153377485663007
0.03071804114111361
0.017225665195360496
0.0894959803839067
0.050924679367197495
0.049691766998557346
0.007576640846197547
0.06103151234055657
0.09982924587628146
0.09465706957116245
0.052234446789570406
0.05306768121897195
0.031703792867513785
0.09099478225731654
0.08565815969992475
0.008048603465373548
0.03942398549693894
0.07479489115664764
0.047585335729344064
0.053696759310906395
0.043550314773211876
0.0026148881150541707
0.060067616464303725
0.10400330582474142
0.06940513616637721
0.08769674445681332
0.09131066100078793
0.03583632094066889
0.09996558783311316
0.02034209359254642
0.06615009142074127
0.08379062518001909
0.04955416555846117
0.10712561694387517
0.013071095539426555
0.009278293430802125
0.04991762393548497
0.09981039352939655
0.04932874840597742
0.0871323912084715
-0.005011962061216626
0.08196031859432312
0.011522870586125826
0.05259311328866397
0.047768787075498524
0.08242524711143334
0.05061983155484651
0.10031161992069423
0.02819424692101874
0.07376015761233412
0.057380847294022354
0.03198667996925136
0.009926432646543578
0.04199517933167858
0.06733524988425507
0.04779751117457044
0.04284775432791889
-0.0017350310862118043
0.017043263528203175
0.0503502203111862
0.05605904379204404
0.09380397500353657
0.058152941627325386
0.055159568846363735
0.09375582143411101
0.030982297431530487
0.05908550516186281
0.042089297303703574
0.0721790911456506
0.05010294721091282
0.006276481358288517
0.0032262691291081187
0.026967970523944826
-8.203466306061783E-4
0.08571005965723046
0.09870499639112051
0.07167366711673805
0.04731051732743669
0.007996488444545301
0.06203071617753395
0.05296147861850326
0.0030070269550868728
0.08358241450289834
0.07243071163939184
0.047138357399901035
0.08366515055636603
-0.011886950428011193
0.052837175992394465
0.07674811899055703
0.07943573291577286
0.039744501120720026
0.031340420613875736
0.04963039083113998
0.022547621727130554
0.07605484821550856
0.012021358721536953
0.06383685124277406
0.10002008695643394
0.030816750578680253
0.03832719082695549
0.034315710987397975
0.0045665581408997225
0.0566457766244121
0.025176006107446147
0.05487809331866941
0.08102777550737443
0.08267903607124548
0.06771716621007955
0.06854430052594021
0.07236893064807307
0.07065741140515919
0.05551998394157656
0.0048138664792433975
0.0593958135783465
-0.002819605024338293
0.024007539573678984
0.06748702892938213
0.04296775605562492
0.023960454794641352
0.06405505594133871
0.05698350951362233
0.07917680800666012
-0.006312640621698384
0.01977429074442499
0.03891043867698936
0.03067320388271661
0.09302634010971157
0.08105578305923554
0.011721479353872808
0.021649371647618366
0.08152766470635071
0.08327306871359277
0.08407118221423965
0.06715155378343769
0.04802006503335692
0.09325260448673016
0.01796293024294527
0.00711925647482725
0.07409854760400462
0.030793314455975714
0.022544693355689108
0.05221338016054866
0.042972502539199944
0.04299695093712129
0.016646434091575773
0.09439267054425798
0.03127191447081508
0.03969513766537122
0.07333844197296858
0.0855897297805923
0.05993265929305295
0.10865321023352455
0.026619862838776674
0.024267521777487557
0.09906974497323322
0.016705391964605607
0.01465991565861693
0.02799552792699676
0.09042725843184223
0.006733652870177222
0.06595502251773105
0.03755960149444446
0.06746804415275137
0.07809863641207875
0.0939707710825367
0.015385578587243244
0.09729500541829347
0.06156093617373321
0.027324447454231026
0.1026154522626984
0.011956652219926965
0.0703355394140964
0.08513612165866677
0.03352947555559451
0.10025924966215995
0.05438113151560915
0.011354254935785294
0.0906157447323522
0.043638027518870054
0.07815506544812124
0.03606041884480915
0.01772102304383507
0.03990845633766566
0.04555651496461209
0.09926101489981534
0.098643532557629
0.023062783484650292
0.023478512110442797
0.062423225290471236
0.04988631766538032
0.06566444103480498
0.02518474992745527
0.021309128795322253
0.08942807745391218
-0.002074637258380835
0.010241244455484801
0.07694427690656912
0.05163604592434017
0.01648573720367949
0.007494344889923777
0.0428063670377414
0.07576914538087712
0.007403092390777495
0.025899086008647182
0.0477734241246541
0.05793300064270969
0.08351200227955662
0.07467303408284201
0.003945737809294943
0.06920619425943414
0.04061623802846561
0.09677664928085611
0.018652851887030027
0.011803935607602024
0.028049013682227893
0.09064813254290141
0.035656648736862515
0.02028334318903428
0.0335359346548784
0.022416231795229998
0.08877471286213354
0.04095870045667055
0.06788448335798061
0.060705406146849696
0.08086974441507074
0.009403950893023053
0.04702318209496147
0.07818459984772723
0.0869474592267909
0.048682554541599046
0.025164235120237976
0.08625603630581483
0.04854195724096153
0.04797490463372232
0.07179954329148014
0.03460418216128984
0.050677779125982814
0.004365839511942761
0.0712841888468588
0.09082278332928106
0.09095837893322034
0.022508979224227583
0.007224154547165467
0.05610306146479861
0.04261601709160398
0.05830600654376037
0.018634942233726016
0.08008044837214864
0.027912708037912386
0.08888656070973716
0.08309470515099811
0.018112467708445403
0.04491109383113958
0.03527118688671326
0.07032462108052996
0.06846456728220006
0.0358819941225453
0.05412671459193577
0.08577594448404076
0.03737033744328829
0.022009489475696815
0.0629106568778184
0.0556271910927647
0.08620934674178181
0.09902001759453787
0.05935240671788588
-0.01094537481589174
0.038691137198314664
0.051858278075478006
0.02815388807030049
0.07490371286394285
0.07349759237186562
0.01852519997802415
0.005360037549154028
0.015203939339281217
0.05769318293164723
0.006285820839896201
0.09169060240000901
0.06581925880974221
0.09045622469530837
0.04006675363926934
0.008736421070253415
0.07799468148784998
0.09205430515229715
0.09515005866939714
0.03528166291787237
0.0728357807156508
0.014138627988013163
0.0454956054476926
0.09699727320521599
0.07892916706395758
0.1028075264032739
-0.007249634130894758
0.08862827798710189
0.011254368873249293
0.04110707019478498
0.06743110487443464
0.04381980882616438
0.10406305970329269
0.08857130492321942
0.08913323161055818
0.013976392786813093
0.07468371794982857
0.05936314476472196
0.08437490324809452
0.08151659821128941
0.029335413258450058
0.037002463636414046
0.0027796983144172125
0.08310534808202319
0.05154967819467014
0.08073361122160068
0.01952830997951017
0.03449490845631969
0.015045052196119877
0.04054789128682336
0.04215692074709513
0.04028093150432795
0.02227262946710435
0.07691693536901782
0.025947614591482298
0.05191174947532833
0.024528825780979605
0.018760789222594318
0.02217684952978748
0.017396424247550998
0.037167754903269505
0.06005863264137665
0.08508984719203079
0.07946905875227338
0.05877716936810143
0.024738008020682264
0.07704540073055224
0.07130059012974975
0.05416306500285969
0.035795312522325595
-0.003412649118218188
0.039393031025860226
0.09400353747181622
0.01693844067211993
0.0389905570324766
0.012374696297449313
0.015587785834342317
0.04513459065337472
0.06994669703800893
0.08646463107144627
0.016976812804331273
0.05285683132685589
0.033892113908637285
0.05324108997150368
0.09627284992171542
0.03230692436342161
0.03517473731408799
0.04736699747636176
0.013459687256486412
0.031826250217252036
0.0042195256002590595
0.0779891251497619
0.025593118289878872
-0.0015809816546527322
0.05570542505851114
0.03772518374617831
0.062239762671010716
0.08904218045765981
0.06172950808501433
0.013823975969837485
0.06567753086315722
0.081292604074152
-0.0017487435510164422
0.04902173355958573
0.11956208854252072
0.004070739355160982
0.06211078689225626
0.09403877932879803
0.012228815868719212
0.06989898836730728
0.08527702660944797
0.08426148897351429
0.003621673882399516
0.021007550362865772
0.008856998335947084
0.023189932830462952
0.013081252206954063
-0.015368651567091106
0.021038823267619376
0.06283102464590572
0.011682400265282878
0.022052947978542466
0.08064161825870891
0.09288487739193547
0.08130572482288272
0.021257668472854443
0.09048704319874286
0.05245962816504677
0.01442395663327492
0.005957571894347409
0.08196751272593088
0.02374600843081675
0.029755686527087148
0.08665278690464355
0.03934120070980866
0.004846494914397871
0.006639390155894639
0.018043075779148206
0.0016639932683523986
0.08677608837087358
0.09040662035012921
0.03212328642553945
0.032192289926913344
0.07176532625682054
0.07064214552741913
0.0663229109445197
0.07658651432982
0.06678514147356314
0.02520313504997386
0.06933197228220242
0.05432951423868235
0.07423052031095712
0.03763701687874763
0.0809919378985148
0.05106040409504452
0.058996412650379595
0.07424917127359448
0.02094142854431344
0.04899451639470873
0.08288291587279066
0.00816653388990285
0.02644506498301733
0.06037835883039544
0.09460925827832373
0.0014839291965980357
0.08270691636260988
0.03754657669764525
0.009184282118438518
0.02565525576379441
0.024613490484568675
0.017843365316808066
0.02300081336076018
0.06586917658779427
0.09127368574831077
0.09467550731487676
0.07865733712854546
0.08295205025380463
9.263279583183225E-5
0.036460804093435516
0.015964426040361464
0.07007652028970994
0.09911376410292906
-0.0032438785950396807
0.024891628554617233
0.10058635643482676
0.052147574291862224
0.06322305582574322
0.08363293848414453
0.03576304547476155
0.03484140380426042
0.015141778948575695
0.07220868336944627
0.016890290398744016
0.0991283374151685
0.06754156197237286
0.04303221821313366
0.08092970260234994
0.04697114681126541
0.06078059769482683
0.08720168604110959
0.0813761892524863
0.08606353670454132
0.08729714118010141
0.006637066320310331
0.04261292780858845
0.030485507359719135
0.03643508887860613
0.003293933993392839
0.09483069833611547
0.02334958546849434
0.04109690251675773
0.07754592050119719
0.08701500154201199
0.02715060475952057
0.018878982289921603
0.09393203926802009
0.03536896878715086
0.021424597329544826
0.10162633821940945
0.05427434538297434
0.039944651219274374
0.05724081918043071
0.0639486596189257
0.02320822968920949
0.0034099957915294304
0.052575007638117593
0.017117151655855218
0.10126061554939322
0.0642535386172727
0.0651014656445409
0.02188832014759737
